[    0.000000] Linux version 4.15.0-162-generic (buildd@lcy01-amd64-007) (gcc version 7.5.0 (Ubuntu 7.5.0-3ubuntu1~18.04)) #170-Ubuntu SMP Mon Oct 18 11:38:05 UTC 2021 (Ubuntu 4.15.0-162.170-generic 4.15.18)
[    0.000000] Command line: BOOT_IMAGE=/boot/vmlinuz-4.15.0-162-generic root=LABEL=cloudimg-rootfs ro console=tty1 console=ttyS0
[    0.000000] KERNEL supported cpus:
[    0.000000]   Intel GenuineIntel
[    0.000000]   AMD AuthenticAMD
[    0.000000]   Centaur CentaurHauls
[    0.000000] [Firmware Bug]: TSC doesn't count with P0 frequency!
[    0.000000] x86/fpu: Supporting XSAVE feature 0x001: 'x87 floating point registers'
[    0.000000] x86/fpu: Supporting XSAVE feature 0x002: 'SSE registers'
[    0.000000] x86/fpu: Supporting XSAVE feature 0x004: 'AVX registers'
[    0.000000] x86/fpu: xstate_offset[2]:  576, xstate_sizes[2]:  256
[    0.000000] x86/fpu: Enabled xstate features 0x7, context size is 832 bytes, using 'standard' format.
[    0.000000] e820: BIOS-provided physical RAM map:
[    0.000000] BIOS-e820: [mem 0x0000000000000000-0x000000000009fbff] usable
[    0.000000] BIOS-e820: [mem 0x000000000009fc00-0x000000000009ffff] reserved
[    0.000000] BIOS-e820: [mem 0x00000000000f0000-0x00000000000fffff] reserved
[    0.000000] BIOS-e820: [mem 0x0000000000100000-0x000000003ffeffff] usable
[    0.000000] BIOS-e820: [mem 0x000000003fff0000-0x000000003fffffff] ACPI data
[    0.000000] BIOS-e820: [mem 0x00000000fec00000-0x00000000fec00fff] reserved
[    0.000000] BIOS-e820: [mem 0x00000000fee00000-0x00000000fee00fff] reserved
[    0.000000] BIOS-e820: [mem 0x00000000fffc0000-0x00000000ffffffff] reserved
[    0.000000] NX (Execute Disable) protection: active
[    0.000000] SMBIOS 2.5 present.
[    0.000000] DMI: innotek GmbH VirtualBox/VirtualBox, BIOS VirtualBox 12/01/2006
[    0.000000] Hypervisor detected: KVM
[    0.000000] e820: last_pfn = 0x3fff0 max_arch_pfn = 0x400000000
[    0.000000] MTRR: Disabled
[    0.000000] x86/PAT: MTRRs disabled, skipping PAT initialization too.
[    0.000000] CPU MTRRs all blank - virtualized system.
[    0.000000] x86/PAT: Configuration [0-7]: WB  WT  UC- UC  WB  WT  UC- UC  
[    0.000000] found SMP MP-table at [mem 0x0009fff0-0x0009ffff]
[    0.000000] Scanning 1 areas for low memory corruption
[    0.000000] RAMDISK: [mem 0x359cd000-0x36cddfff]
[    0.000000] ACPI: Early table checksum verification disabled
[    0.000000] ACPI: RSDP 0x00000000000E0000 000024 (v02 VBOX  )
[    0.000000] ACPI: XSDT 0x000000003FFF0030 00003C (v01 VBOX   VBOXXSDT 00000001 ASL  00000061)
[    0.000000] ACPI: FACP 0x000000003FFF00F0 0000F4 (v04 VBOX   VBOXFACP 00000001 ASL  00000061)
[    0.000000] ACPI: DSDT 0x000000003FFF0470 002325 (v02 VBOX   VBOXBIOS 00000002 INTL 20200925)
[    0.000000] ACPI: FACS 0x000000003FFF0200 000040
[    0.000000] ACPI: FACS 0x000000003FFF0200 000040
[    0.000000] ACPI: APIC 0x000000003FFF0240 00005C (v02 VBOX   VBOXAPIC 00000001 ASL  00000061)
[    0.000000] ACPI: SSDT 0x000000003FFF02A0 0001CC (v01 VBOX   VBOXCPUT 00000002 INTL 20200925)
[    0.000000] ACPI: Reserving FACP table memory at [mem 0x3fff00f0-0x3fff01e3]
[    0.000000] ACPI: Reserving DSDT table memory at [mem 0x3fff0470-0x3fff2794]
[    0.000000] ACPI: Reserving FACS table memory at [mem 0x3fff0200-0x3fff023f]
[    0.000000] ACPI: Reserving FACS table memory at [mem 0x3fff0200-0x3fff023f]
[    0.000000] ACPI: Reserving APIC table memory at [mem 0x3fff0240-0x3fff029b]
[    0.000000] ACPI: Reserving SSDT table memory at [mem 0x3fff02a0-0x3fff046b]
[    0.000000] No NUMA configuration found
[    0.000000] Faking a node at [mem 0x0000000000000000-0x000000003ffeffff]
[    0.000000] NODE_DATA(0) allocated [mem 0x3ffc5000-0x3ffeffff]
[    0.000000] kvm-clock: cpu 0, msr 0:3ff44001, primary cpu clock
[    0.000000] kvm-clock: Using msrs 4b564d01 and 4b564d00
[    0.000000] kvm-clock: using sched offset of 3013818916 cycles
[    0.000000] clocksource: kvm-clock: mask: 0xffffffffffffffff max_cycles: 0x1cd42e4dffb, max_idle_ns: 881590591483 ns
[    0.000000] Zone ranges:
[    0.000000]   DMA      [mem 0x0000000000001000-0x0000000000ffffff]
[    0.000000]   DMA32    [mem 0x0000000001000000-0x000000003ffeffff]
[    0.000000]   Normal   empty
[    0.000000]   Device   empty
[    0.000000] Movable zone start for each node
[    0.000000] Early memory node ranges
[    0.000000]   node   0: [mem 0x0000000000001000-0x000000000009efff]
[    0.000000]   node   0: [mem 0x0000000000100000-0x000000003ffeffff]
[    0.000000] Reserved but unavailable: 104 pages
[    0.000000] Initmem setup node 0 [mem 0x0000000000001000-0x000000003ffeffff]
[    0.000000] ACPI: PM-Timer IO Port: 0x4008
[    0.000000] IOAPIC[0]: apic_id 2, version 32, address 0xfec00000, GSI 0-23
[    0.000000] ACPI: INT_SRC_OVR (bus 0 bus_irq 0 global_irq 2 dfl dfl)
[    0.000000] ACPI: INT_SRC_OVR (bus 0 bus_irq 9 global_irq 9 low level)
[    0.000000] Using ACPI (MADT) for SMP configuration information
[    0.000000] smpboot: Allowing 2 CPUs, 0 hotplug CPUs
[    0.000000] PM: Registered nosave memory: [mem 0x00000000-0x00000fff]
[    0.000000] PM: Registered nosave memory: [mem 0x0009f000-0x0009ffff]
[    0.000000] PM: Registered nosave memory: [mem 0x000a0000-0x000effff]
[    0.000000] PM: Registered nosave memory: [mem 0x000f0000-0x000fffff]
[    0.000000] e820: [mem 0x40000000-0xfebfffff] available for PCI devices
[    0.000000] Booting paravirtualized kernel on KVM
[    0.000000] clocksource: refined-jiffies: mask: 0xffffffff max_cycles: 0xffffffff, max_idle_ns: 7645519600211568 ns
[    0.000000] random: get_random_bytes called from start_kernel+0x99/0x500 with crng_init=0
[    0.000000] setup_percpu: NR_CPUS:8192 nr_cpumask_bits:2 nr_cpu_ids:2 nr_node_ids:1
[    0.000000] percpu: Embedded 45 pages/cpu s147456 r8192 d28672 u1048576
[    0.000000] PV qspinlock hash table entries: 256 (order: 0, 4096 bytes)
[    0.000000] Built 1 zonelists, mobility grouping on.  Total pages: 257913
[    0.000000] Policy zone: DMA32
[    0.000000] Kernel command line: BOOT_IMAGE=/boot/vmlinuz-4.15.0-162-generic root=LABEL=cloudimg-rootfs ro console=tty1 console=ttyS0
[    0.000000] Memory: 982712K/1048120K available (12300K kernel code, 2483K rwdata, 4320K rodata, 2448K init, 2724K bss, 65408K reserved, 0K cma-reserved)
[    0.000000] SLUB: HWalign=64, Order=0-3, MinObjects=0, CPUs=2, Nodes=1
[    0.000000] ftrace: allocating 39475 entries in 155 pages
[    0.004000] Hierarchical RCU implementation.
[    0.004000] 	RCU restricting CPUs from NR_CPUS=8192 to nr_cpu_ids=2.
[    0.004000] 	Tasks RCU enabled.
[    0.004000] RCU: Adjusting geometry for rcu_fanout_leaf=16, nr_cpu_ids=2
[    0.004000] NR_IRQS: 524544, nr_irqs: 440, preallocated irqs: 16
[    0.004000] Console: colour VGA+ 80x25
[    0.004000] console [tty1] enabled
[    0.004000] console [ttyS0] enabled
[    0.004000] ACPI: Core revision 20170831
[    0.004000] ACPI: 2 ACPI AML tables successfully acquired and loaded
[    0.004000] APIC: Switch to symmetric I/O mode setup
[    0.004000] x2apic enabled
[    0.004000] Switched APIC routing to physical x2apic.
[    0.004000] ..TIMER: vector=0x30 apic1=0 pin1=2 apic2=-1 pin2=-1
[    0.004000] tsc: Detected 2370.568 MHz processor
[    0.004000] Calibrating delay loop (skipped) preset value.. 4741.13 BogoMIPS (lpj=9482272)
[    0.004000] pid_max: default: 32768 minimum: 301
[    0.004000] Security Framework initialized
[    0.004000] Yama: becoming mindful.
[    0.004000] AppArmor: AppArmor initialized
[    0.004000] Dentry cache hash table entries: 131072 (order: 8, 1048576 bytes)
[    0.004000] Inode-cache hash table entries: 65536 (order: 7, 524288 bytes)
[    0.004000] Mount-cache hash table entries: 2048 (order: 2, 16384 bytes)
[    0.004000] Mountpoint-cache hash table entries: 2048 (order: 2, 16384 bytes)
[    0.004000] Last level iTLB entries: 4KB 1024, 2MB 1024, 4MB 512
[    0.004000] Last level dTLB entries: 4KB 2048, 2MB 2048, 4MB 1024, 1GB 0
[    0.004000] Spectre V1 : Mitigation: usercopy/swapgs barriers and __user pointer sanitization
[    0.004000] Spectre V2 : Spectre mitigation: LFENCE not serializing, switching to generic retpoline
[    0.004004] Spectre V2 : Mitigation: Full generic retpoline
[    0.004511] Spectre V2 : Spectre v2 / SpectreRSB mitigation: Filling RSB on context switch
[    0.005224] Speculative Store Bypass: Mitigation: Speculative Store Bypass disabled via prctl and seccomp
[    0.006183] Freeing SMP alternatives memory: 36K
[    0.120338] smpboot: CPU0: AMD Ryzen 5 4500U with Radeon Graphics (family: 0x17, model: 0x60, stepping: 0x1)
[    0.121295] Performance Events: PMU not available due to virtualization, using software events only.
[    0.122125] Hierarchical SRCU implementation.
[    0.123096] NMI watchdog: Perf event create on CPU 0 failed with -2
[    0.123600] NMI watchdog: Perf NMI watchdog permanently disabled
[    0.124000] smp: Bringing up secondary CPUs ...
[    0.124083] x86: Booting SMP configuration:
[    0.124530] .... node  #0, CPUs:      #1
[    0.004000] kvm-clock: cpu 1, msr 0:3ff44041, secondary cpu clock
[    0.128018] smp: Brought up 1 node, 2 CPUs
[    0.128415] smpboot: Max logical packages: 1
[    0.128775] smpboot: Total of 2 processors activated (9482.27 BogoMIPS)
[    0.129398] devtmpfs: initialized
[    0.129398] x86/mm: Memory block size: 128MB
[    0.129626] evm: security.selinux
[    0.132006] evm: security.SMACK64
[    0.132590] evm: security.SMACK64EXEC
[    0.133220] evm: security.SMACK64TRANSMUTE
[    0.133918] evm: security.SMACK64MMAP
[    0.134552] evm: security.apparmor
[    0.135148] evm: security.ima
[    0.135683] evm: security.capability
[    0.136073] clocksource: jiffies: mask: 0xffffffff max_cycles: 0xffffffff, max_idle_ns: 7645041785100000 ns
[    0.137720] futex hash table entries: 512 (order: 3, 32768 bytes)
[    0.140000] pinctrl core: initialized pinctrl subsystem
[    0.140000] RTC time: 12:26:35, date: 12/07/21
[    0.140000] NET: Registered protocol family 16
[    0.140000] audit: initializing netlink subsys (disabled)
[    0.140050] audit: type=2000 audit(1638880000.154:1): state=initialized audit_enabled=0 res=1
[    0.140649] cpuidle: using governor ladder
[    0.144010] cpuidle: using governor menu
[    0.144457] ACPI: bus type PCI registered
[    0.144457] acpiphp: ACPI Hot Plug PCI Controller Driver version: 0.5
[    0.144865] PCI: Using configuration type 1 for base access
[    0.145282] PCI: Using configuration type 1 for extended access
[    0.145761] HugeTLB registered 2.00 MiB page size, pre-allocated 0 pages
[    0.148053] ACPI: Added _OSI(Module Device)
[    0.148380] ACPI: Added _OSI(Processor Device)
[    0.148718] ACPI: Added _OSI(3.0 _SCP Extensions)
[    0.149069] ACPI: Added _OSI(Processor Aggregator Device)
[    0.149471] ACPI: Added _OSI(Linux-Dell-Video)
[    0.149828] ACPI: Added _OSI(Linux-Lenovo-NV-HDMI-Audio)
[    0.150216] ACPI: Added _OSI(Linux-HPI-Hybrid-Graphics)
[    0.150743] ACPI: Executed 1 blocks of module-level executable AML code
[    0.154164] ACPI: Interpreter enabled
[    0.154510] ACPI: (supports S0 S5)
[    0.154816] ACPI: Using IOAPIC for interrupt routing
[    0.155392] PCI: Using host bridge windows from ACPI; if necessary, use "pci=nocrs" and report a bug
[    0.156086] ACPI: Enabled 2 GPEs in block 00 to 07
[    0.159975] ACPI: PCI Root Bridge [PCI0] (domain 0000 [bus 00-ff])
[    0.160008] acpi PNP0A03:00: _OSC: OS supports [ExtendedConfig ASPM ClockPM Segments MSI]
[    0.161271] acpi PNP0A03:00: _OSC: platform does not support [PCIeCapability]
[    0.162120] acpi PNP0A03:00: _OSC: not requesting control; platform does not support [PCIeCapability]
[    0.162788] acpi PNP0A03:00: _OSC: OS requested [PCIeHotplug PME AER PCIeCapability]
[    0.163359] acpi PNP0A03:00: _OSC: platform willing to grant [PCIeHotplug PME AER]
[    0.164002] acpi PNP0A03:00: _OSC failed (AE_SUPPORT); disabling ASPM
[    0.164655] PCI host bridge to bus 0000:00
[    0.164974] pci_bus 0000:00: root bus resource [io  0x0000-0x0cf7 window]
[    0.165463] pci_bus 0000:00: root bus resource [io  0x0d00-0xffff window]
[    0.165947] pci_bus 0000:00: root bus resource [mem 0x000a0000-0x000bffff window]
[    0.166496] pci_bus 0000:00: root bus resource [mem 0x40000000-0xfdffffff window]
[    0.167048] pci_bus 0000:00: root bus resource [bus 00-ff]
[    0.168806] pci 0000:00:01.1: legacy IDE quirk: reg 0x10: [io  0x01f0-0x01f7]
[    0.169374] pci 0000:00:01.1: legacy IDE quirk: reg 0x14: [io  0x03f6]
[    0.169846] pci 0000:00:01.1: legacy IDE quirk: reg 0x18: [io  0x0170-0x0177]
[    0.170350] pci 0000:00:01.1: legacy IDE quirk: reg 0x1c: [io  0x0376]
[    0.180000] pci 0000:00:07.0: quirk: [io  0x4000-0x403f] claimed by PIIX4 ACPI
[    0.180000] pci 0000:00:07.0: quirk: [io  0x4100-0x410f] claimed by PIIX4 SMB
[    0.187436] ACPI: PCI Interrupt Link [LNKA] (IRQs 5 9 10 *11)
[    0.188088] ACPI: PCI Interrupt Link [LNKB] (IRQs 5 9 *10 11)
[    0.188633] ACPI: PCI Interrupt Link [LNKC] (IRQs 5 *9 10 11)
[    0.189113] ACPI: PCI Interrupt Link [LNKD] (IRQs 5 9 10 *11)
[    0.189910] SCSI subsystem initialized
[    0.190241] pci 0000:00:02.0: vgaarb: setting as boot VGA device
[    0.190241] pci 0000:00:02.0: vgaarb: VGA device added: decodes=io+mem,owns=io+mem,locks=none
[    0.190241] pci 0000:00:02.0: vgaarb: bridge control possible
[    0.190241] vgaarb: loaded
[    0.192026] ACPI: bus type USB registered
[    0.192360] usbcore: registered new interface driver usbfs
[    0.192777] usbcore: registered new interface driver hub
[    0.193176] usbcore: registered new device driver usb
[    0.193580] EDAC MC: Ver: 3.0.0
[    0.193580] PCI: Using ACPI for IRQ routing
[    0.193580] NetLabel: Initializing
[    0.193580] NetLabel:  domain hash size = 128
[    0.193602] NetLabel:  protocols = UNLABELED CIPSOv4 CALIPSO
[    0.196026] NetLabel:  unlabeled traffic allowed by default
[    0.196444] clocksource: Switched to clocksource kvm-clock
[    0.207629] VFS: Disk quotas dquot_6.6.0
[    0.208049] VFS: Dquot-cache hash table entries: 512 (order 0, 4096 bytes)
[    0.208762] AppArmor: AppArmor Filesystem Enabled
[    0.209151] pnp: PnP ACPI init
[    0.209993] pnp: PnP ACPI: found 3 devices
[    0.217802] clocksource: acpi_pm: mask: 0xffffff max_cycles: 0xffffff, max_idle_ns: 2085701024 ns
[    0.218723] NET: Registered protocol family 2
[    0.219117] IP idents hash table entries: 16384 (order: 5, 131072 bytes)
[    0.220319] TCP established hash table entries: 8192 (order: 4, 65536 bytes)
[    0.221039] TCP bind hash table entries: 8192 (order: 5, 131072 bytes)
[    0.221523] TCP: Hash tables configured (established 8192 bind 8192)
[    0.222017] UDP hash table entries: 512 (order: 2, 16384 bytes)
[    0.222454] UDP-Lite hash table entries: 512 (order: 2, 16384 bytes)
[    0.222940] NET: Registered protocol family 1
[    0.223284] pci 0000:00:00.0: Limiting direct PCI/PCI transfers
[    0.223764] pci 0000:00:01.0: Activating ISA DMA hang workarounds
[    0.224275] pci 0000:00:02.0: Video device with shadowed ROM at [mem 0x000c0000-0x000dffff]
[    0.224959] Unpacking initramfs...
[    0.451532] Freeing initrd memory: 19524K
[    0.452152] clocksource: tsc: mask: 0xffffffffffffffff max_cycles: 0x222b9c3a765, max_idle_ns: 440795300477 ns
[    0.453243] platform rtc_cmos: registered platform RTC device (no PNP device found)
[    0.454006] Scanning for low memory corruption every 60 seconds
[    0.455188] Initialise system trusted keyrings
[    0.455671] Key type blacklist registered
[    0.456187] workingset: timestamp_bits=36 max_order=18 bucket_order=0
[    0.457532] zbud: loaded
[    0.458294] squashfs: version 4.0 (2009/01/31) Phillip Lougher
[    0.459237] fuse init (API version 7.26)
[    0.461201] Key type asymmetric registered
[    0.461668] Asymmetric key parser 'x509' registered
[    0.462154] Block layer SCSI generic (bsg) driver version 0.4 loaded (major 246)
[    0.462936] io scheduler noop registered
[    0.463377] io scheduler deadline registered
[    0.463808] io scheduler cfq registered (default)
[    0.464491] ACPI: AC Adapter [AC] (on-line)
[    0.464989] input: Power Button as /devices/LNXSYSTM:00/LNXPWRBN:00/input/input0
[    0.465741] ACPI: Power Button [PWRF]
[    0.466119] input: Sleep Button as /devices/LNXSYSTM:00/LNXSLPBN:00/input/input1
[    0.466773] ACPI: Sleep Button [SLPF]
[    0.467370] Serial: 8250/16550 driver, 32 ports, IRQ sharing enabled
[    0.467756] ACPI: Battery Slot [BAT0] (battery present)
[    0.488985] 00:02: ttyS0 at I/O 0x3f8 (irq = 4, base_baud = 115200) is a 16550A
[    0.491260] Linux agpgart interface v0.103
[    0.493101] loop: module loaded
[    0.493961] scsi host0: ata_piix
[    0.494351] scsi host1: ata_piix
[    0.494692] ata1: PATA max UDMA/33 cmd 0x1f0 ctl 0x3f6 bmdma 0xd000 irq 14
[    0.495386] ata2: PATA max UDMA/33 cmd 0x170 ctl 0x376 bmdma 0xd008 irq 15
[    0.496245] libphy: Fixed MDIO Bus: probed
[    0.496691] tun: Universal TUN/TAP device driver, 1.6
[    0.497265] PPP generic driver version 2.4.2
[    0.497767] ehci_hcd: USB 2.0 'Enhanced' Host Controller (EHCI) Driver
[    0.498362] ehci-pci: EHCI PCI platform driver
[    0.498778] ehci-platform: EHCI generic platform driver
[    0.499235] ohci_hcd: USB 1.1 'Open' Host Controller (OHCI) Driver
[    0.499752] ohci-pci: OHCI PCI platform driver
[    0.500179] ohci-platform: OHCI generic platform driver
[    0.500645] uhci_hcd: USB Universal Host Controller Interface driver
[    0.501261] i8042: PNP: PS/2 Controller [PNP0303:PS2K,PNP0f03:PS2M] at 0x60,0x64 irq 1,12
[    0.502366] serio: i8042 KBD port at 0x60,0x64 irq 1
[    0.502886] serio: i8042 AUX port at 0x60,0x64 irq 12
[    0.503431] mousedev: PS/2 mouse device common for all mice
[    0.504243] input: AT Translated Set 2 keyboard as /devices/platform/i8042/serio0/input/input2
[    0.505236] rtc_cmos rtc_cmos: rtc core: registered rtc_cmos as rtc0
[    0.505823] rtc_cmos rtc_cmos: alarms up to one day, 114 bytes nvram
[    0.506357] i2c /dev entries driver
[    0.506761] device-mapper: uevent: version 1.0.3
[    0.507259] device-mapper: ioctl: 4.37.0-ioctl (2017-09-20) initialised: dm-devel@redhat.com
[    0.507985] ledtrig-cpu: registered to indicate activity on CPUs
[    0.508828] NET: Registered protocol family 10
[    0.511459] Segment Routing with IPv6
[    0.511836] NET: Registered protocol family 17
[    0.512393] Key type dns_resolver registered
[    0.512942] mce: Using 0 MCE banks
[    0.513291] RAS: Correctable Errors collector initialized.
[    0.513777] sched_clock: Marking stable (512920464, 0)->(610652073, -97731609)
[    0.514629] registered taskstats version 1
[    0.515012] Loading compiled-in X.509 certificates
[    0.516859] Loaded X.509 cert 'Build time autogenerated kernel key: ebed311aedd59d9a851620769f4a146e4e1d43c6'
[    0.518062] Loaded X.509 cert 'Canonical Ltd. Live Patch Signing: 14df34d1a87cf37625abec039ef2bf521249b969'
[    0.519275] Loaded X.509 cert 'Canonical Ltd. Kernel Module Signing: 88f752e560a1e0737e31163a466ad7b70a850c19'
[    0.520137] zswap: loaded using pool lzo/zbud
[    0.523268] Key type big_key registered
[    0.523679] Key type trusted registered
[    0.525121] Key type encrypted registered
[    0.525533] AppArmor: AppArmor sha1 policy hashing enabled
[    0.526005] ima: No TPM chip found, activating TPM-bypass! (rc=-19)
[    0.526525] ima: Allocated hash algorithm: sha1
[    0.526934] evm: HMAC attrs: 0x1
[    0.527354]   Magic number: 1:210:430
[    0.527759] rtc_cmos rtc_cmos: setting system clock to 2021-12-07 12:26:35 UTC (1638879995)
[    0.528671] BIOS EDD facility v0.16 2004-Jun-25, 0 devices found
[    0.529206] EDD information not available.
[    0.683899] Freeing unused kernel image memory: 2448K
[    0.696137] Write protecting the kernel read-only data: 20480k
[    0.698483] Freeing unused kernel image memory: 2008K
[    0.699177] Freeing unused kernel image memory: 1824K
[    0.705273] x86/mm: Checked W+X mappings: passed, no W+X pages found.
Loading, please wait...
starting version 237
[    0.767424] e1000: Intel(R) PRO/1000 Network Driver - version 7.3.21-k8-NAPI
[    0.769063] e1000: Copyright (c) 1999-2006 Intel Corporation.
[    0.770430] Fusion MPT base driver 3.04.20
[    0.771511] Copyright (c) 1999-2008 LSI Corporation
[    0.785783] AVX2 version of gcm_enc/dec engaged.
[    0.786428] AES CTR mode by8 optimization enabled
[    0.789660] Fusion MPT SPI Host driver 3.04.20
[    0.994888] input: ImExPS/2 Generic Explorer Mouse as /devices/platform/i8042/serio1/input/input4
[    1.146229] e1000 0000:00:03.0 eth0: (PCI:33MHz:32-bit) 02:5e:cd:fd:8c:44
[    1.147130] e1000 0000:00:03.0 eth0: Intel(R) PRO/1000 Network Connection
[    1.149508] e1000 0000:00:03.0 enp0s3: renamed from eth0
[    1.150569] mptbase: ioc0: Initiating bringup
[    1.536403] ioc0: LSI53C1030 A0: Capabilities={Initiator}
[    1.780274] scsi host2: ioc0: LSI53C1030 A0, FwRev=00000000h, Ports=1, MaxQ=256, IRQ=20
[    3.803670] scsi 2:0:0:0: Direct-Access     VBOX     HARDDISK         1.0  PQ: 0 ANSI: 5
[    3.908528] scsi target2:0:0: Beginning Domain Validation
[    3.911414] scsi target2:0:0: Domain Validation skipping write tests
[    3.912999] scsi target2:0:0: Ending Domain Validation
[    3.914436] scsi target2:0:0: asynchronous
[    3.916110] scsi 2:0:1:0: Direct-Access     VBOX     HARDDISK         1.0  PQ: 0 ANSI: 5
[    4.380115] scsi target2:0:1: Beginning Domain Validation
[    4.382725] scsi target2:0:1: Domain Validation skipping write tests
[    4.383979] scsi target2:0:1: Ending Domain Validation
[    4.385043] random: fast init done
[    4.386848] scsi target2:0:1: asynchronous
[    4.392126] random: systemd-udevd: uninitialized urandom read (16 bytes read)
[    4.393611] random: systemd-udevd: uninitialized urandom read (16 bytes read)
[    4.393630] sd 2:0:0:0: Attached scsi generic sg0 type 0
[    4.395885] random: systemd-udevd: uninitialized urandom read (16 bytes read)
[    4.398773] sd 2:0:0:0: [sda] 83886080 512-byte logical blocks: (42.9 GB/40.0 GiB)
[    4.400579] sd 2:0:0:0: [sda] Write Protect is off
[    4.400618] sd 2:0:1:0: Attached scsi generic sg1 type 0
[    4.402912] sd 2:0:1:0: [sdb] 20480 512-byte logical blocks: (10.5 MB/10.0 MiB)
[    4.404528] sd 2:0:0:0: [sda] Incomplete mode parameter data
[    4.405938] sd 2:0:0:0: [sda] Assuming drive cache: write through
[    4.407193] sd 2:0:1:0: [sdb] Write Protect is off
[    4.408666] sd 2:0:1:0: [sdb] Incomplete mode parameter data
[    4.409809] sd 2:0:1:0: [sdb] Assuming drive cache: write through
[    4.415471]  sda: sda1
[    4.417212] sd 2:0:1:0: [sdb] Attached SCSI disk
[    4.417559] sd 2:0:0:0: [sda] Attached SCSI disk
Begin: Loading essential drivers ... [    5.804105] raid6: sse2x1   gen()  7908 MB/s
[    5.852136] raid6: sse2x1   xor()  7887 MB/s
[    5.900116] raid6: sse2x2   gen() 16206 MB/s
[    5.948147] raid6: sse2x2   xor() 10686 MB/s
[    5.998601] raid6: sse2x4   gen() 18177 MB/s
[    6.044012] raid6: sse2x4   xor()  8976 MB/s
[    6.092312] raid6: avx2x1   gen() 19030 MB/s
[    6.140211] raid6: avx2x1   xor() 13986 MB/s
[    6.188247] raid6: avx2x2   gen() 33361 MB/s
[    6.236247] raid6: avx2x2   xor() 20608 MB/s
[    6.284182] raid6: avx2x4   gen() 31882 MB/s
[    6.332130] raid6: avx2x4   xor() 15920 MB/s
[    6.332765] raid6: using algorithm avx2x2 gen() 33361 MB/s
[    6.333511] raid6: .... xor() 20608 MB/s, rmw enabled
[    6.334159] raid6: using avx2x2 recovery algorithm
[    6.337014] xor: automatically using best checksumming function   avx       
[    6.338271] async_tx: api initialized (async)
done.
Begin: Running /scripts/init-premount ... done.
Begin: Mounting root file system ... Begin: Running /scripts/local-top ... done.
Begin: Running /scripts/local-premount ... [    6.370123] Btrfs loaded, crc32c=crc32c-intel
Scanning for Btrfs filesystems
done.
Warning: fsck not present, so skipping root file system
[    6.396339] EXT4-fs (sda1): INFO: recovery required on readonly filesystem
[    6.397050] EXT4-fs (sda1): write access will be enabled during recovery
[    6.424944] EXT4-fs (sda1): recovery complete
[    6.425895] EXT4-fs (sda1): mounted filesystem with ordered data mode. Opts: (null)
done.
Begin: Running /scripts/local-bottom ... done.
Begin: Running /scripts/init-bottom ... done.
[    6.559777] ip_tables: (C) 2000-2006 Netfilter Core Team
[    6.567789] systemd[1]: systemd 237 running in system mode. (+PAM +AUDIT +SELINUX +IMA +APPARMOR +SMACK +SYSVINIT +UTMP +LIBCRYPTSETUP +GCRYPT +GNUTLS +ACL +XZ +LZ4 +SECCOMP +BLKID +ELFUTILS +KMOD -IDN2 +IDN -PCRE2 default-hierarchy=hybrid)
[    6.571177] systemd[1]: Detected virtualization oracle.
[    6.572128] systemd[1]: Detected architecture x86-64.

Welcome to [1mUbuntu 18.04.6 LTS[0m!

[    6.579408] systemd[1]: Set hostname to <cw-box1>.
[    6.809485] systemd[1]: Started Forward Password Requests to Wall Directory Watch.
[[0;32m  OK  [0m] Started Forward Password Requests to Wall Directory Watch.
[    6.810425] systemd[1]: Reached target System Time Synchronized.
[[0;32m  OK  [0m] Reached target System Time Synchronized.
[    6.811797] systemd[1]: Created slice User and Session Slice.
[[0;32m  OK  [0m] Created slice User and Session Slice.
[    6.812704] systemd[1]: Set up automount Arbitrary Executable File Formats File System Automount Point.
[[0;32m  OK  [0m] Set up automount Arbitrary Executab…rmats File System Automount Point.
[    6.813798] systemd[1]: Reached target Swap.
[[0;32m  OK  [0m] Reached target Swap.
[    6.814332] systemd[1]: Reached target User and Group Name Lookups.
[[0;32m  OK  [0m] Reached target User and Group Name Lookups.
[[0;32m  OK  [0m] Created slice System Slice.
[[0;32m  OK  [0m] Listening on Device-mapper event daemon FIFOs.
[[0;32m  OK  [0m] Listening on /dev/initctl Compatibility Named Pipe.
[[0;32m  OK  [0m] Listening on Journal Socket (/dev/log).
[[0;32m  OK  [0m] Listening on Syslog Socket.
[[0;32m  OK  [0m] Listening on Journal Socket.
         Mounting Huge Pages File System...
         Starting Set the console keyboard layout...
[[0;32m  OK  [0m] Listening on udev Kernel Socket.
[[0;32m  OK  [0m] Listening on fsck to fsckd communication Socket.
         Mounting Kernel Debug File System...
         Starting File System Check on Root Device...
         Starting Uncomplicated firewall...
[[0;32m  OK  [0m] Listening on LVM2 poll daemon socket.
[[0;32m  OK  [0m] Created slice system-serial\x2dgetty.slice.
[[0;32m  OK  [0m] Listening on udev Control Socket.
[[0;32m  OK  [0m] Listening on Network Service Netlink Socket.
         Mounting POSIX Message Queue File System...
[[0;32m  OK  [0m] Listening on LVM2 metadata daemon socket.
         Starting Monitoring of LVM2 mirrors…ng dmeventd or progress polling...
[[0;32m  OK  [0m] Listening on Journal Audit Socket.
         Starting Journal Service...
         Starting udev Coldplug all Devices...
         Starting Load Kernel Modules...
[[0;32m  OK  [0m] Reached target Slices.
         Starting Create list of required st…ce nodes for the current kernel...
[[0;32m  OK  [0m] Mounted Huge Pages File System.
[[0;32m  OK  [0m] Mounted Kernel Debug File System.
[[0;32m  OK  [0m] Started Uncomplicated firewall.
[[0;32m  OK  [0m] Mounted POSIX Message Queue File System.
[[0;32m  OK  [0m] Started File System Check Daemon to report status.
[[0;32m  OK  [0m] Started LVM2 metadata daemon.
[[0;32m  OK  [0m] Started File System Check on Root Device.
[[0;32m  OK  [0m] Started Journal Service.
[[0;32m  OK  [0m] Started Create list of required sta…vice nodes for the current kernel.
[    6.931757] Loading iSCSI transport class v2.0-870.
         Starting Create Static Device Nodes in /dev...
         Starting Remount Root and Kernel File Systems...
[    6.941865] iscsi: registered transport (tcp)
[[0;32m  OK  [0m] Started udev Coldplug all Devices.
[[0;32m  OK  [0m] Started Create Static Device Nodes in /dev.
[    6.990694] EXT4-fs (sda1): re-mounted. Opts: (null)
[[0;32m  OK  [0m] Started Remount Root and Kernel File Systems.
         Starting Load/Save Random Seed...
         Starting Flush Journal to Persistent Storage...
         Starting udev Kernel Device Manager...
[[0;32m  OK  [0m] Started Monitoring of LVM2 mirrors,…sing dmeventd or progress polling.
[    7.027557] systemd-journald[418]: Received request to flush runtime journal from PID 1
[[0;32m  OK  [0m] Started Load/Save Random Seed.
[[0;32m  OK  [0m] Started Set the console keyboard layout.
[[    7.041445] iscsi: registered transport (iser)
[0;32m  OK  [0m] Reached target Local File Systems (Pre).
[[0;32m  OK  [0m] Reached target Local File Systems.
         Starting ebtables ruleset management...
         Starting AppArmor initialization...
         Starting Set console font and keymap...
         Starting Tell Plymouth To Write Out Runtime Data...
[[0;32m  OK  [0m] Started Load Kernel Modules.
         Starting Apply Kernel Variables...
         Mounting FUSE Control File System...
         Mounting Kernel Configuration File System...
[[0;32m  OK  [0m] Started udev Kernel Device Manager.
[[0;32m  OK  [0m] Mounted FUSE Control File System.
[[0;32m  OK  [0m] Started Dispatch Password Requests to Console Directory Watch.
[[0;32m  OK  [0m] Reached target Local Encrypted Volumes.
[[0;32m  OK  [0m] Mounted Kernel Configuration File System.
[[0;32m  OK  [0m] Started Set console font and keymap.
[[0;32m  OK  [0m] Started Apply Kernel Variables.
[[0;32m  OK  [0m] Started Tell Plymouth To Write Out Runtime Data.
[[0;32m  OK  [0m] Started Flush Journal to Persistent Storage.
         Starting Create Volatile Files and Directories...
[[0;32m  OK  [0m] Started Create Volatile Files and Directories.
         Starting Update UTMP about System Boot/Shutdown...
[[0;32m  OK  [0m] Started Update UTMP about System Boot/Shutdown.
[[0;32m  OK  [0m] Started ebtables ruleset management.
[[0;32m  OK  [0m] Found device /dev/ttyS0.
[[0;32m  OK  [0m] Listening on Load/Save RF Kill Switch Status /dev/rfkill Watch.
[[0;32m  OK  [0m] Started AppArmor initialization.
         Starting Load AppArmor profiles managed internally by snapd...
         Starting Initial cloud-init job (pre-networking)...
[[0;32m  OK  [0m] Started Load AppArmor profiles managed internally by snapd.
[    8.226897] cloud-init[564]: Cloud-init v. 21.4-0ubuntu1~18.04.1 running 'init-local' at Tue, 07 Dec 2021 12:26:43 +0000. Up 8.05 seconds.
[[0;32m  OK  [0m] Started Initial cloud-init job (pre-networking).
[[0;32m  OK  [0m] Reached target Network (Pre).
         Starting Network Service...
[[0;32m  OK  [0m] Started Network Service.
         Starting Network Name Resolution...
         Starting Wait for Network to be Configured...
[[0;32m  OK  [0m] Started Network Name Resolution.
[[0;32m  OK  [0m] Reached target Network.
[[0;32m  OK  [0m] Reached target Host and Network Name Lookups.
[[0;32m  OK  [0m] Started Wait for Network to be Configured.
         Starting Initial cloud-init job (metadata service crawler)...
[   10.565746] cloud-init[680]: Cloud-init v. 21.4-0ubuntu1~18.04.1 running 'init' at Tue, 07 Dec 2021 12:26:45 +0000. Up 10.42 seconds.
[   10.567171] cloud-init[680]: ci-info: ++++++++++++++++++++++++++++++++++++++Net device info++++++++++++++++++++++++++++++++++++++
[   10.568135] cloud-init[680]: ci-info: +--------+------+----------------------------+---------------+--------+-------------------+
[   10.568680] cloud-init[680]: ci-info: | Device |  Up  |          Address           |      Mask     | Scope  |     Hw-Address    |
[   10.569217] cloud-init[680]: ci-info: +--------+------+----------------------------+---------------+--------+-------------------+
[   10.569699] cloud-init[680]: ci-info: | enp0s3 | True |         10.0.2.15          | 255.255.255.0 | global | 02:5e:cd:fd:8c:44 |
[   10.570232] cloud-init[680]: ci-info: | enp0s3 | True | fe80::5e:cdff:fefd:8c44/64 |       .       |  link  | 02:5e:cd:fd:8c:44 |
[   10.571355] cloud-init[680]: ci-info: |   lo   | True |         127.0.0.1          |   255.0.0.0   |  host  |         .         |
[   10.580277] cloud-init[680]: ci-info: |   lo   | True |          ::1/128           |       .       |  host  |         .         |
[   10.581938] cloud-init[680]: ci-info: +--------+------+----------------------------+---------------+--------+-------------------+
[   10.582679] cloud-init[680]: ci-info: ++++++++++++++++++++++++++++Route IPv4 info+++++++++++++++++++++++++++++
[   10.583141] cloud-init[680]: ci-info: +-------+-------------+----------+-----------------+-----------+-------+
[   10.583863] cloud-init[680]: ci-info: | Route | Destination | Gateway  |     Genmask     | Interface | Flags |
[   10.584404] cloud-init[680]: ci-info: +-------+-------------+----------+-----------------+-----------+-------+
[   10.584911] cloud-init[680]: ci-info: |   0   |   0.0.0.0   | 10.0.2.2 |     0.0.0.0     |   enp0s3  |   UG  |
[   10.585365] cloud-init[680]: ci-info: |   1   |   10.0.2.0  | 0.0.0.0  |  255.255.255.0  |   enp0s3  |   U   |
[   10.585827] cloud-init[680]: ci-info: |   2   |   10.0.2.2  | 0.0.0.0  | 255.255.255.255 |   enp0s3  |   UH  |
[   10.586277] cloud-init[680]: ci-info: +-------+-------------+----------+-----------------+-----------+-------+
[   10.586727] cloud-init[680]: ci-info: +++++++++++++++++++Route IPv6 info+++++++++++++++++++
[   10.587117] cloud-init[680]: ci-info: +-------+-------------+---------+-----------+-------+
[   10.587517] cloud-init[680]: ci-info: | Route | Destination | Gateway | Interface | Flags |
[   10.587912] cloud-init[680]: ci-info: +-------+-------------+---------+-----------+-------+
[   10.588347] cloud-init[680]: ci-info: |   1   |  fe80::/64  |    ::   |   enp0s3  |   U   |
[   10.588729] cloud-init[680]: ci-info: |   3   |    local    |    ::   |   enp0s3  |   U   |
[   10.589137] cloud-init[680]: ci-info: |   4   |   ff00::/8  |    ::   |   enp0s3  |   U   |
[   10.590497] cloud-init[680]: ci-info: +-------+-------------+---------+-----------+-------+
[[0;32m  OK  [0m] Started Initial cloud-init job (metadata service crawler).
[[0;32m  OK  [0m] Reached target System Initialization.
[[0;32m  OK  [0m] Listening on ACPID Listen Socket.
[[0;32m  OK  [0m] Started Discard unused blocks once a week.
[[0;32m  OK  [0m] Started ACPI Events Check.
[[0;32m  OK  [0m] Listening on Open-iSCSI iscsid Socket.
[[0;32m  OK  [0m] Listening on UUID daemon activation socket.
[[0;32m  OK  [0m] Started Daily Cleanup of Temporary Directories.
[[0;32m  OK  [0m] Started Message of the Day.
[[0;32m  OK  [0m] Listening on cloud-init hotplug hook socket.
[[0;32m  OK  [0m] Started Daily apt download activities.
         Starting LXD - unix socket.
         Starting Socket activation for snappy daemon.
[[0;32m  OK  [0m] Started Daily apt upgrade and clean activities.
[[0;32m  OK  [0m] Started Ubuntu Advantage Timer for running repeated jobs.
[[0;32m  OK  [0m] Reached target Timers.
[[0;32m  OK  [0m] Listening on D-Bus System Message Bus Socket.
[[0;32m  OK  [0m] Started Trigger to poll for Ubuntu …(Only enabled on GCP LTS non-pro).
[[0;32m  OK  [0m] Reached target Paths.
[[0;32m  OK  [0m] Reached target Cloud-config availability.
[[0;32m  OK  [0m] Reached target Network is Online.
         Starting Availability of block devices...
[[0;32m  OK  [0m] Reached target Remote File Systems (Pre).
[[0;32m  OK  [0m] Reached target Remote File Systems.
[[0;32m  OK  [0m] Listening on LXD - unix socket.
[[0;32m  OK  [0m] Listening on Socket activation for snappy daemon.
[[0;32m  OK  [0m] Reached target Sockets.
[[0;32m  OK  [0m] Reached target Basic System.
         Starting Login Service...
         Starting Message of the Day...
         Starting Accounts Service...
[[0;32m  OK  [0m] Started Regular background program processing daemon.
         Starting System Logging Service...
         Starting Permit User Sessions...
[[0;32m  OK  [0m] Started FUSE filesystem for LXC.
[[0;32m  OK  [0m] Started D-Bus System Message Bus.
[[0;32m  OK  [0m] Started Login Service.
         Starting Dispatcher daemon for systemd-networkd...
         Starting Snap Daemon...
         Starting LSB: automatic crash report generation...
         Starting Virtualbox guest utils...
[[0;32m  OK  [0m] Started irqbalance daemon.
[[0;32m  OK  [0m] Started Deferred execution scheduler.
[[0;32m  OK  [0m] Started Unattended Upgrades Shutdown.
         Starting LSB: Record successful boot for GRUB...
         Starting OpenBSD Secure Shell server...
         Starting LXD - container startup/shutdown...
[[0;32m  OK  [0m] Started System Logging Service.
[[0;32m  OK  [0m] Started Availability of block devices.
[[0;32m  OK  [0m] Started Permit User Sessions.
         Starting Authorization Manager...
         Starting Terminate Plymouth Boot Screen...
         Starting Hold until boot process finishes up...
[[0;32m  OK  [0m] Started Hold until boot process finishes up.
         Starting Set console scheme...
[[0;32m  OK  [0m] Started Serial Getty on ttyS0.
[[0;32m  OK  [0m] Started Terminate Plymouth Boot Screen.
[[0;32m  OK  [0m] Started OpenBSD Secure Shell server.
[[0;32m  OK  [0m] Started Authorization Manager.
[[0;32m  OK  [0m] Started Accounts Service.
[[0;32m  OK  [0m] Started Set console scheme.
[[0;32m  OK  [0m] Created slice system-getty.slice.
[[0;32m  OK  [0m] Started Getty on tty1.
[[0;32m  OK  [0m] Reached target Login Prompts.
[[0;32m  OK  [0m] Started LXD - container startup/shutdown.
[[0;32m  OK  [0m] Started LSB: automatic crash report generation.
[[0;32m  OK  [0m] Started Virtualbox guest utils.
[[0;32m  OK  [0m] Started Dispatcher daemon for systemd-networkd.
[[0;32m  OK  [0m] Started LSB: Record successful boot for GRUB.
[[0;32m  OK  [0m] Started Snap Daemon.
         Starting Wait until snapd is fully seeded...
[[0;32m  OK  [0m] Started Wait until snapd is fully seeded.
[[0;32m  OK  [0m] Reached target Multi-User System.
[[0;32m  OK  [0m] Reached target Graphical Interface.
         Starting Update UTMP about System Runlevel Changes...
         Starting Apply the settings specified in cloud-config...
[[0;32m  OK  [0m] Started Update UTMP about System Runlevel Changes.
[   11.943540] cloud-init[1127]: Cloud-init v. 21.4-0ubuntu1~18.04.1 running 'modules:config' at Tue, 07 Dec 2021 12:26:46 +0000. Up 11.88 seconds.
[[0;32m  OK  [0m] Started Apply the settings specified in cloud-config.
         Starting Execute cloud user/final scripts...
[[0;32m  OK  [0m] Created slice User Slice of vagrant.
         Starting User Manager for UID 1000...
[[0;32m  OK  [0m] Started Session 1 of user vagrant.
[   12.337777] cloud-init[1159]: Cloud-init v. 21.4-0ubuntu1~18.04.1 running 'modules:final' at Tue, 07 Dec 2021 12:26:47 +0000. Up 12.25 seconds.
[   12.348617] cloud-init[1159]: Cloud-init v. 21.4-0ubuntu1~18.04.1 finished at Tue, 07 Dec 2021 12:26:47 +0000. Datasource DataSourceNoCloud [seed=/dev/sdb][dsmode=net].  Up 12.33 seconds
[[0;32m  OK  [0m] Started User Manager for UID 1000.
[[0;32m  OK  [0m] Started Execute cloud user/final scripts.
[[0;32m  OK  [0m] Reached target Cloud-init target.
         Starting Daily apt download activities...
         Stopping User Manager for UID 1000...
[[0;32m  OK  [0m] Stopped User Manager for UID 1000.
[[0;32m  OK  [0m] Removed slice User Slice of vagrant.

Ubuntu 18.04.6 LTS cw-box1 ttyS0

cw-box1 login: 